Using pre-set license
Built from '2020.3/staging' branch; Version is '2020.3.19f1 (68f137dc9bbe) revision 6877495'; Using compiler version '192528614'; Build Type 'Release'
OS: 'Windows 10 Home; OS build 19043.1466; Version 2009; 64bit' Language: 'en' Physical Memory: 8073 MB
BatchMode: 1, IsHumanControllingUs: 0, StartBugReporterOnCrash: 0, Is64bit: 1, IsPro: 0

COMMAND LINE ARGUMENTS:
D:\Unity\2020.3.19f1\Editor\Unity.exe
-adb2
-batchMode
-noUpm
-name
AssetImportWorker0
-projectPath
G:/Works/PersonalGames/_UnityProjects/Ladder/Ladder
-logFile
Logs/AssetImportWorker0.log
-srvPort
54477
Successfully changed project path to: G:/Works/PersonalGames/_UnityProjects/Ladder/Ladder
G:/Works/PersonalGames/_UnityProjects/Ladder/Ladder
Using Asset Import Pipeline V2.
Refreshing native plugins compatible for Editor in 259.46 ms, found 3 plugins.
Preloading 0 native plugins for Editor in 0.00 ms.
Initialize engine version: 2020.3.19f1 (68f137dc9bbe)
[Subsystems] Discovering subsystems at path D:/Unity/2020.3.19f1/Editor/Data/Resources/UnitySubsystems
[Subsystems] Discovering subsystems at path G:/Works/PersonalGames/_UnityProjects/Ladder/Ladder/Assets
GfxDevice: creating device client; threaded=0
Direct3D:
    Version:  Direct3D 11.0 [level 11.1]
    Renderer: NVIDIA GeForce GTX 1050 (ID=0x1c8d)
    Vendor:   
    VRAM:     1979 MB
    Driver:   26.21.14.4575
Initialize mono
Mono path[0] = 'D:/Unity/2020.3.19f1/Editor/Data/Managed'
Mono path[1] = 'D:/Unity/2020.3.19f1/Editor/Data/MonoBleedingEdge/lib/mono/unityjit'
Mono config path = 'D:/Unity/2020.3.19f1/Editor/Data/MonoBleedingEdge/etc'
Using monoOptions --debugger-agent=transport=dt_socket,embedding=1,server=y,suspend=n,address=127.0.0.1:56464
Begin MonoManager ReloadAssembly
Registering precompiled unity dll's ...
Register platform support module: D:/Unity/2020.3.19f1/Editor/Data/PlaybackEngines/WebGLSupport/UnityEditor.WebGL.Extensions.dll
Register platform support module: D:/Unity/2020.3.19f1/Editor/Data/PlaybackEngines/WindowsStandaloneSupport/UnityEditor.WindowsStandalone.Extensions.dll
Registered in 0.003351 seconds.
Native extension for WindowsStandalone target not found
Native extension for WebGL target not found
Refreshing native plugins compatible for Editor in 55.95 ms, found 3 plugins.
Preloading 0 native plugins for Editor in 0.00 ms.
Mono: successfully reloaded assembly
- Completed reload, in  2.793 seconds
Domain Reload Profiling:
	ReloadAssembly (2793ms)
		BeginReloadAssembly (54ms)
			ExecutionOrderSort (0ms)
			DisableScriptedObjects (0ms)
			BackupInstance (0ms)
			ReleaseScriptingObjects (0ms)
			CreateAndSetChildDomain (1ms)
		EndReloadAssembly (681ms)
			LoadAssemblies (53ms)
			RebuildTransferFunctionScriptingTraits (0ms)
			SetupTypeCache (161ms)
			ReleaseScriptCaches (0ms)
			RebuildScriptCaches (34ms)
			SetupLoadedEditorAssemblies (411ms)
				LogAssemblyErrors (0ms)
				InitializePlatformSupportModulesInManaged (5ms)
				SetLoadedEditorAssemblies (0ms)
				RefreshPlugins (56ms)
				BeforeProcessingInitializeOnLoad (19ms)
				ProcessInitializeOnLoadAttributes (87ms)
				ProcessInitializeOnLoadMethodAttributes (243ms)
				AfterProcessingInitializeOnLoad (0ms)
				EditorAssembliesLoaded (0ms)
			ExecutionOrderSort2 (0ms)
			AwakeInstancesAfterBackupRestoration (0ms)
Platform modules already initialized, skipping
Registering precompiled user dll's ...
Registered in 0.268536 seconds.
Begin MonoManager ReloadAssembly
Native extension for WindowsStandalone target not found
Native extension for WebGL target not found
Refreshing native plugins compatible for Editor in 50.26 ms, found 3 plugins.
Preloading 0 native plugins for Editor in 0.00 ms.
Mono: successfully reloaded assembly
- Completed reload, in  1.942 seconds
Domain Reload Profiling:
	ReloadAssembly (1943ms)
		BeginReloadAssembly (147ms)
			ExecutionOrderSort (0ms)
			DisableScriptedObjects (4ms)
			BackupInstance (0ms)
			ReleaseScriptingObjects (0ms)
			CreateAndSetChildDomain (20ms)
		EndReloadAssembly (1723ms)
			LoadAssemblies (890ms)
			RebuildTransferFunctionScriptingTraits (0ms)
			SetupTypeCache (301ms)
			ReleaseScriptCaches (1ms)
			RebuildScriptCaches (60ms)
			SetupLoadedEditorAssemblies (359ms)
				LogAssemblyErrors (0ms)
				InitializePlatformSupportModulesInManaged (4ms)
				SetLoadedEditorAssemblies (0ms)
				RefreshPlugins (50ms)
				BeforeProcessingInitializeOnLoad (80ms)
				ProcessInitializeOnLoadAttributes (208ms)
				ProcessInitializeOnLoadMethodAttributes (14ms)
				AfterProcessingInitializeOnLoad (2ms)
				EditorAssembliesLoaded (0ms)
			ExecutionOrderSort2 (0ms)
			AwakeInstancesAfterBackupRestoration (6ms)
Platform modules already initialized, skipping
========================================================================
Worker process is ready to serve import requests
Launched and connected shader compiler UnityShaderCompiler.exe after 0.08 seconds
Refreshing native plugins compatible for Editor in 1.22 ms, found 3 plugins.
Preloading 0 native plugins for Editor in 0.00 ms.
Unloading 2839 Unused Serialized files (Serialized files now loaded: 0)
System memory in use before: 115.2 MB.
System memory in use after: 115.4 MB.

Unloading 26 unused Assets to reduce memory usage. Loaded Objects now: 3279.
Total: 4.511400 ms (FindLiveObjects: 0.300300 ms CreateObjectMapping: 0.116900 ms MarkObjects: 3.988400 ms  DeleteObjects: 0.104000 ms)

AssetImportParameters requested are different than current active one (requested -> active):
  custom:framework-win-MediaFoundation: 216162199b28c13a410421893ffa2e32 -> 
  custom:video-decoder-ogg-theora: a1e56fd34408186e4bbccfd4996cb3dc -> 
  custom:container-muxer-webm: aa71ff27fc2769a1b78a27578f13a17b -> 
  custom:container-demuxer-webm: 4f35f7cbe854078d1ac9338744f61a02 -> 
  custom:container-demuxer-ogg: 62fdf1f143b41e24485cea50d1cbac27 -> 
  custom:video-encoder-webm-vp8: eb34c28f22e8b96e1ab97ce403110664 -> 
  custom:video-codec-MediaFoundation-h265: 746d11721c4dcdbdad8f713fa42b33f4 -> 
  custom:video-decoder-webm-vp8: 9c59270c3fd7afecdb556c50c9e8de78 -> 
  custom:audio-decoder-ogg-vorbis: bf7c407c2cedff20999df2af8eb42d56 -> 
  custom:audio-encoder-webm-vorbis: bf7c407c2cedff20999df2af8eb42d56 -> 
========================================================================
Received Import Request.
  path: Assets/FungusExamples
  artifactKey: Guid(8a377917380804e64ac98abb2ce7ef57) Importer(815301076,1909f56bfc062723c751e8b465ee728b)
Start importing Assets/FungusExamples using Guid(8a377917380804e64ac98abb2ce7ef57) Importer(815301076,1909f56bfc062723c751e8b465ee728b)  -> (artifact id: '68f23e72b82cfefad5a67205a4750ba5') in 0.011933 seconds 
  Import took 0.016530 seconds .

========================================================================
Received Prepare
Registering precompiled user dll's ...
Registered in 0.003294 seconds.
Begin MonoManager ReloadAssembly
Native extension for WindowsStandalone target not found
Native extension for WebGL target not found
Refreshing native plugins compatible for Editor in 0.69 ms, found 3 plugins.
Preloading 0 native plugins for Editor in 0.00 ms.
Mono: successfully reloaded assembly
- Completed reload, in  1.127 seconds
Domain Reload Profiling:
	ReloadAssembly (1128ms)
		BeginReloadAssembly (116ms)
			ExecutionOrderSort (0ms)
			DisableScriptedObjects (7ms)
			BackupInstance (0ms)
			ReleaseScriptingObjects (0ms)
			CreateAndSetChildDomain (40ms)
		EndReloadAssembly (946ms)
			LoadAssemblies (96ms)
			RebuildTransferFunctionScriptingTraits (0ms)
			SetupTypeCache (344ms)
			ReleaseScriptCaches (1ms)
			RebuildScriptCaches (53ms)
			SetupLoadedEditorAssemblies (338ms)
				LogAssemblyErrors (0ms)
				InitializePlatformSupportModulesInManaged (6ms)
				SetLoadedEditorAssemblies (0ms)
				RefreshPlugins (1ms)
				BeforeProcessingInitializeOnLoad (84ms)
				ProcessInitializeOnLoadAttributes (237ms)
				ProcessInitializeOnLoadMethodAttributes (6ms)
				AfterProcessingInitializeOnLoad (3ms)
				EditorAssembliesLoaded (0ms)
			ExecutionOrderSort2 (0ms)
			AwakeInstancesAfterBackupRestoration (11ms)
Platform modules already initialized, skipping
Refreshing native plugins compatible for Editor in 0.62 ms, found 3 plugins.
Preloading 0 native plugins for Editor in 0.00 ms.
Unloading 2818 Unused Serialized files (Serialized files now loaded: 0)
System memory in use before: 113.6 MB.
System memory in use after: 113.8 MB.

Unloading 14 unused Assets to reduce memory usage. Loaded Objects now: 3282.
Total: 5.487900 ms (FindLiveObjects: 0.456900 ms CreateObjectMapping: 0.267700 ms MarkObjects: 4.685000 ms  DeleteObjects: 0.076900 ms)

AssetImportParameters requested are different than current active one (requested -> active):
  custom:framework-win-MediaFoundation: 216162199b28c13a410421893ffa2e32 -> 
  custom:video-decoder-ogg-theora: a1e56fd34408186e4bbccfd4996cb3dc -> 
  custom:container-muxer-webm: aa71ff27fc2769a1b78a27578f13a17b -> 
  custom:container-demuxer-webm: 4f35f7cbe854078d1ac9338744f61a02 -> 
  custom:container-demuxer-ogg: 62fdf1f143b41e24485cea50d1cbac27 -> 
  custom:video-encoder-webm-vp8: eb34c28f22e8b96e1ab97ce403110664 -> 
  custom:video-codec-MediaFoundation-h265: 746d11721c4dcdbdad8f713fa42b33f4 -> 
  custom:video-decoder-webm-vp8: 9c59270c3fd7afecdb556c50c9e8de78 -> 
  custom:audio-decoder-ogg-vorbis: bf7c407c2cedff20999df2af8eb42d56 -> 
  custom:audio-encoder-webm-vorbis: bf7c407c2cedff20999df2af8eb42d56 -> 
========================================================================
Received Import Request.
  Time since last request: 67.206297 seconds.
  path: Assets/_Scenes/Gold_Commute.unity
  artifactKey: Guid(1dc0af37a7774c341bbb4231594c6553) Importer(815301076,1909f56bfc062723c751e8b465ee728b)
Start importing Assets/_Scenes/Gold_Commute.unity using Guid(1dc0af37a7774c341bbb4231594c6553) Importer(815301076,1909f56bfc062723c751e8b465ee728b)  -> (artifact id: '6040465a385c789ec2c9b23624dd84e1') in 0.022399 seconds 
  Import took 0.027757 seconds .

========================================================================
Received Import Request.
  Time since last request: 11.526355 seconds.
  path: Assets/_Scenes/Platinum_Apartment.unity
  artifactKey: Guid(03e2f8b4ff27bd547b396a00e7fa9bda) Importer(815301076,1909f56bfc062723c751e8b465ee728b)
Start importing Assets/_Scenes/Platinum_Apartment.unity using Guid(03e2f8b4ff27bd547b396a00e7fa9bda) Importer(815301076,1909f56bfc062723c751e8b465ee728b)  -> (artifact id: 'e32c3b4f7a107016791739240547e1c9') in 0.010896 seconds 
  Import took 0.019725 seconds .

========================================================================
Received Prepare
Registering precompiled user dll's ...
Registered in 0.003854 seconds.
Begin MonoManager ReloadAssembly
Native extension for WindowsStandalone target not found
Native extension for WebGL target not found
Refreshing native plugins compatible for Editor in 0.89 ms, found 3 plugins.
Preloading 0 native plugins for Editor in 0.00 ms.
Mono: successfully reloaded assembly
- Completed reload, in  1.348 seconds
Domain Reload Profiling:
	ReloadAssembly (1349ms)
		BeginReloadAssembly (121ms)
			ExecutionOrderSort (0ms)
			DisableScriptedObjects (8ms)
			BackupInstance (0ms)
			ReleaseScriptingObjects (0ms)
			CreateAndSetChildDomain (41ms)
		EndReloadAssembly (1159ms)
			LoadAssemblies (103ms)
			RebuildTransferFunctionScriptingTraits (0ms)
			SetupTypeCache (366ms)
			ReleaseScriptCaches (1ms)
			RebuildScriptCaches (52ms)
			SetupLoadedEditorAssemblies (343ms)
				LogAssemblyErrors (0ms)
				InitializePlatformSupportModulesInManaged (9ms)
				SetLoadedEditorAssemblies (1ms)
				RefreshPlugins (1ms)
				BeforeProcessingInitializeOnLoad (86ms)
				ProcessInitializeOnLoadAttributes (237ms)
				ProcessInitializeOnLoadMethodAttributes (8ms)
				AfterProcessingInitializeOnLoad (2ms)
				EditorAssembliesLoaded (0ms)
			ExecutionOrderSort2 (0ms)
			AwakeInstancesAfterBackupRestoration (13ms)
Platform modules already initialized, skipping
Refreshing native plugins compatible for Editor in 0.59 ms, found 3 plugins.
Preloading 0 native plugins for Editor in 0.00 ms.
Unloading 2818 Unused Serialized files (Serialized files now loaded: 0)
System memory in use before: 113.6 MB.
System memory in use after: 113.9 MB.

Unloading 14 unused Assets to reduce memory usage. Loaded Objects now: 3285.
Total: 4.271500 ms (FindLiveObjects: 0.292100 ms CreateObjectMapping: 0.135300 ms MarkObjects: 3.793500 ms  DeleteObjects: 0.049600 ms)

AssetImportParameters requested are different than current active one (requested -> active):
  custom:framework-win-MediaFoundation: 216162199b28c13a410421893ffa2e32 -> 
  custom:video-decoder-ogg-theora: a1e56fd34408186e4bbccfd4996cb3dc -> 
  custom:container-muxer-webm: aa71ff27fc2769a1b78a27578f13a17b -> 
  custom:container-demuxer-webm: 4f35f7cbe854078d1ac9338744f61a02 -> 
  custom:container-demuxer-ogg: 62fdf1f143b41e24485cea50d1cbac27 -> 
  custom:video-encoder-webm-vp8: eb34c28f22e8b96e1ab97ce403110664 -> 
  custom:video-codec-MediaFoundation-h265: 746d11721c4dcdbdad8f713fa42b33f4 -> 
  custom:video-decoder-webm-vp8: 9c59270c3fd7afecdb556c50c9e8de78 -> 
  custom:audio-decoder-ogg-vorbis: bf7c407c2cedff20999df2af8eb42d56 -> 
  custom:audio-encoder-webm-vorbis: bf7c407c2cedff20999df2af8eb42d56 -> 
========================================================================
Received Import Request.
  Time since last request: 14.247517 seconds.
  path: Assets/_Scenes/Work Scenes/Jocelyn_Work_Scene.unity
  artifactKey: Guid(de34e10f5b09439408d5efc0b6941686) Importer(815301076,1909f56bfc062723c751e8b465ee728b)
Start importing Assets/_Scenes/Work Scenes/Jocelyn_Work_Scene.unity using Guid(de34e10f5b09439408d5efc0b6941686) Importer(815301076,1909f56bfc062723c751e8b465ee728b)  -> (artifact id: 'bf1ac8339563e49e7abaebb5e7b20cc5') in 0.022577 seconds 
  Import took 0.029104 seconds .

========================================================================
Received Prepare
Registering precompiled user dll's ...
Registered in 0.003337 seconds.
Begin MonoManager ReloadAssembly
Native extension for WindowsStandalone target not found
Native extension for WebGL target not found
Refreshing native plugins compatible for Editor in 0.59 ms, found 3 plugins.
Preloading 0 native plugins for Editor in 0.00 ms.
Mono: successfully reloaded assembly
- Completed reload, in  1.218 seconds
Domain Reload Profiling:
	ReloadAssembly (1219ms)
		BeginReloadAssembly (129ms)
			ExecutionOrderSort (0ms)
			DisableScriptedObjects (8ms)
			BackupInstance (0ms)
			ReleaseScriptingObjects (0ms)
			CreateAndSetChildDomain (40ms)
		EndReloadAssembly (1027ms)
			LoadAssemblies (96ms)
			RebuildTransferFunctionScriptingTraits (0ms)
			SetupTypeCache (405ms)
			ReleaseScriptCaches (1ms)
			RebuildScriptCaches (50ms)
			SetupLoadedEditorAssemblies (352ms)
				LogAssemblyErrors (0ms)
				InitializePlatformSupportModulesInManaged (6ms)
				SetLoadedEditorAssemblies (1ms)
				RefreshPlugins (1ms)
				BeforeProcessingInitializeOnLoad (97ms)
				ProcessInitializeOnLoadAttributes (236ms)
				ProcessInitializeOnLoadMethodAttributes (6ms)
				AfterProcessingInitializeOnLoad (5ms)
				EditorAssembliesLoaded (0ms)
			ExecutionOrderSort2 (0ms)
			AwakeInstancesAfterBackupRestoration (17ms)
Platform modules already initialized, skipping
Refreshing native plugins compatible for Editor in 0.69 ms, found 3 plugins.
Preloading 0 native plugins for Editor in 0.00 ms.
Unloading 2818 Unused Serialized files (Serialized files now loaded: 0)
System memory in use before: 113.7 MB.
System memory in use after: 113.9 MB.

Unloading 14 unused Assets to reduce memory usage. Loaded Objects now: 3288.
Total: 4.461600 ms (FindLiveObjects: 0.316400 ms CreateObjectMapping: 0.238900 ms MarkObjects: 3.747400 ms  DeleteObjects: 0.140700 ms)

AssetImportParameters requested are different than current active one (requested -> active):
  custom:framework-win-MediaFoundation: 216162199b28c13a410421893ffa2e32 -> 
  custom:video-decoder-ogg-theora: a1e56fd34408186e4bbccfd4996cb3dc -> 
  custom:container-muxer-webm: aa71ff27fc2769a1b78a27578f13a17b -> 
  custom:container-demuxer-webm: 4f35f7cbe854078d1ac9338744f61a02 -> 
  custom:container-demuxer-ogg: 62fdf1f143b41e24485cea50d1cbac27 -> 
  custom:video-encoder-webm-vp8: eb34c28f22e8b96e1ab97ce403110664 -> 
  custom:video-codec-MediaFoundation-h265: 746d11721c4dcdbdad8f713fa42b33f4 -> 
  custom:video-decoder-webm-vp8: 9c59270c3fd7afecdb556c50c9e8de78 -> 
  custom:audio-decoder-ogg-vorbis: bf7c407c2cedff20999df2af8eb42d56 -> 
  custom:audio-encoder-webm-vorbis: bf7c407c2cedff20999df2af8eb42d56 -> 
========================================================================
Received Import Request.
  Time since last request: 77.881268 seconds.
  path: Assets/Characters/Dr. Professor Big Disk III.prefab
  artifactKey: Guid(e6a617f99f55abe43a08ca63c23797e7) Importer(815301076,1909f56bfc062723c751e8b465ee728b)
Start importing Assets/Characters/Dr. Professor Big Disk III.prefab using Guid(e6a617f99f55abe43a08ca63c23797e7) Importer(815301076,1909f56bfc062723c751e8b465ee728b)  -> (artifact id: 'b83c7450371b8051b95a767e279e8c3e') in 0.093268 seconds 
  Import took 0.098412 seconds .

========================================================================
Received Import Request.
  Time since last request: 1.136792 seconds.
  path: Assets/Characters/G-3094.prefab
  artifactKey: Guid(741430c0b3df6e14a899604a3fa1163b) Importer(815301076,1909f56bfc062723c751e8b465ee728b)
Start importing Assets/Characters/G-3094.prefab using Guid(741430c0b3df6e14a899604a3fa1163b) Importer(815301076,1909f56bfc062723c751e8b465ee728b)  -> (artifact id: '1d77b5fde916e6a436c4fee06d7c593d') in 0.014987 seconds 
  Import took 0.020305 seconds .

========================================================================
Received Import Request.
  Time since last request: 2.558020 seconds.
  path: Assets/Characters/Narrator.prefab
  artifactKey: Guid(6424b3017b23b614da9664a820e4b228) Importer(815301076,1909f56bfc062723c751e8b465ee728b)
Start importing Assets/Characters/Narrator.prefab using Guid(6424b3017b23b614da9664a820e4b228) Importer(815301076,1909f56bfc062723c751e8b465ee728b)  -> (artifact id: 'ca7d0dc1d77d21c7e6d2a2fdf2bd2e27') in 0.044490 seconds 
  Import took 0.050833 seconds .

========================================================================
Received Import Request.
  Time since last request: 0.551561 seconds.
  path: Assets/Characters/GarbageBot.prefab
  artifactKey: Guid(9e116dd74fc870d42b97b9cc96c756c2) Importer(815301076,1909f56bfc062723c751e8b465ee728b)
Start importing Assets/Characters/GarbageBot.prefab using Guid(9e116dd74fc870d42b97b9cc96c756c2) Importer(815301076,1909f56bfc062723c751e8b465ee728b)  -> (artifact id: '6d6b895e9e1680565653d49e562863fe') in 0.184625 seconds 
  Import took 0.192569 seconds .

========================================================================
Received Import Request.
  Time since last request: 1.332806 seconds.
  path: Assets/Characters/Q-4792.prefab
  artifactKey: Guid(7b6cb79e823ce6b4a89542de39b41155) Importer(815301076,1909f56bfc062723c751e8b465ee728b)
Start importing Assets/Characters/Q-4792.prefab using Guid(7b6cb79e823ce6b4a89542de39b41155) Importer(815301076,1909f56bfc062723c751e8b465ee728b)  -> (artifact id: '493c816b6f29a6e6c3c2cc4fcbd1f507') in 0.118447 seconds 
  Import took 0.125287 seconds .

========================================================================
Received Import Request.
  Time since last request: 0.081378 seconds.
  path: Assets/Characters/W-6970.prefab
  artifactKey: Guid(537ff111360ef9144b9865370cde07a9) Importer(815301076,1909f56bfc062723c751e8b465ee728b)
Start importing Assets/Characters/W-6970.prefab using Guid(537ff111360ef9144b9865370cde07a9) Importer(815301076,1909f56bfc062723c751e8b465ee728b)  -> (artifact id: 'b7cc01eb6752d68bfacdea54cf104bec') in 0.017305 seconds 
  Import took 0.025647 seconds .

========================================================================
Received Import Request.
  Time since last request: 1.301145 seconds.
  path: Assets/Characters/X-5725.prefab
  artifactKey: Guid(7e98e4842d2507446ac7688828c598c9) Importer(815301076,1909f56bfc062723c751e8b465ee728b)
Start importing Assets/Characters/X-5725.prefab using Guid(7e98e4842d2507446ac7688828c598c9) Importer(815301076,1909f56bfc062723c751e8b465ee728b)  -> (artifact id: '3b07048114b1079d4a519ff4d7950673') in 0.010783 seconds 
  Import took 0.018774 seconds .

========================================================================
Received Import Request.
  Time since last request: 0.658780 seconds.
  path: Assets/Characters/X3.prefab
  artifactKey: Guid(343e623f1aace60468affd6fd413d6b0) Importer(815301076,1909f56bfc062723c751e8b465ee728b)
Start importing Assets/Characters/X3.prefab using Guid(343e623f1aace60468affd6fd413d6b0) Importer(815301076,1909f56bfc062723c751e8b465ee728b)  -> (artifact id: '8b2284de01a820b925718d2ae6791558') in 0.020568 seconds 
  Import took 0.172320 seconds .

========================================================================
Received Import Request.
  Time since last request: 0.595065 seconds.
  path: Assets/Characters/X4.prefab
  artifactKey: Guid(9709f7ecc14fcc94a861358b0bf009af) Importer(815301076,1909f56bfc062723c751e8b465ee728b)
Start importing Assets/Characters/X4.prefab using Guid(9709f7ecc14fcc94a861358b0bf009af) Importer(815301076,1909f56bfc062723c751e8b465ee728b)  -> (artifact id: '401099369437272ebd2933fbcc54bacf') in 0.017637 seconds 
  Import took 0.024231 seconds .

========================================================================
Received Import Request.
  Time since last request: 6.659278 seconds.
  path: Assets/Fungus/Audio
  artifactKey: Guid(50aeb1f91c7cf484e85d48c7370e926f) Importer(815301076,1909f56bfc062723c751e8b465ee728b)
Start importing Assets/Fungus/Audio using Guid(50aeb1f91c7cf484e85d48c7370e926f) Importer(815301076,1909f56bfc062723c751e8b465ee728b)  -> (artifact id: '145a6f7c7f7e171faf67461a57dff0d3') in 0.010740 seconds 
  Import took 0.016861 seconds .

========================================================================
Received Import Request.
  Time since last request: 0.548665 seconds.
  path: Assets/Fungus/Fonts
  artifactKey: Guid(a316c7b38ecb7431a8e6e953b048ba66) Importer(815301076,1909f56bfc062723c751e8b465ee728b)
Start importing Assets/Fungus/Fonts using Guid(a316c7b38ecb7431a8e6e953b048ba66) Importer(815301076,1909f56bfc062723c751e8b465ee728b)  -> (artifact id: '71f80fe7a94456a08a3a1ff909ea7af2') in 0.011314 seconds 
  Import took 0.017061 seconds .

========================================================================
Received Import Request.
  Time since last request: 0.792649 seconds.
  path: Assets/Fungus/Textures
  artifactKey: Guid(8dea678f784954ce3b1e6b1845374ef0) Importer(815301076,1909f56bfc062723c751e8b465ee728b)
Start importing Assets/Fungus/Textures using Guid(8dea678f784954ce3b1e6b1845374ef0) Importer(815301076,1909f56bfc062723c751e8b465ee728b)  -> (artifact id: '3eaff0da8e9c830353c5b767a2c9fa32') in 0.010896 seconds 
  Import took 0.017662 seconds .

========================================================================
Received Import Request.
  Time since last request: 861.312521 seconds.
  path: Assets/Fungus/Scripts
  artifactKey: Guid(fa184a0dd8f1c46cbb12b7fcf9b1b06a) Importer(815301076,1909f56bfc062723c751e8b465ee728b)
Start importing Assets/Fungus/Scripts using Guid(fa184a0dd8f1c46cbb12b7fcf9b1b06a) Importer(815301076,1909f56bfc062723c751e8b465ee728b)  -> (artifact id: '4516b68760e4e87ec0259a1ac17cd091') in 0.009380 seconds 
  Import took 0.017750 seconds .

========================================================================
Received Import Request.
  Time since last request: 11.730639 seconds.
  path: Assets/SayDialogues/X4(new)_SayDialog.prefab
  artifactKey: Guid(74483e704958a3741a71d04836c542b4) Importer(815301076,1909f56bfc062723c751e8b465ee728b)
Start importing Assets/SayDialogues/X4(new)_SayDialog.prefab using Guid(74483e704958a3741a71d04836c542b4) Importer(815301076,1909f56bfc062723c751e8b465ee728b)  -> (artifact id: 'd92999d17b9c1c067e2d0021fa7bb444') in 0.017452 seconds 
  Import took 0.024208 seconds .

========================================================================
Received Import Request.
  Time since last request: 1.131690 seconds.
  path: Assets/SayDialogues/U-8055_SayDialog.prefab
  artifactKey: Guid(02bcd87b81ca4414abb4f028843cdc19) Importer(815301076,1909f56bfc062723c751e8b465ee728b)
Start importing Assets/SayDialogues/U-8055_SayDialog.prefab using Guid(02bcd87b81ca4414abb4f028843cdc19) Importer(815301076,1909f56bfc062723c751e8b465ee728b)  -> (artifact id: '7d05aa8505d1614da254fb99bb6fcb6f') in 0.018102 seconds 
  Import took 0.023898 seconds .

========================================================================
Received Import Request.
  Time since last request: 1.048857 seconds.
  path: Assets/SayDialogues/Q-4792_SayDialog.prefab
  artifactKey: Guid(5c79f757d5608044aafb0da7dcbf67da) Importer(815301076,1909f56bfc062723c751e8b465ee728b)
Start importing Assets/SayDialogues/Q-4792_SayDialog.prefab using Guid(5c79f757d5608044aafb0da7dcbf67da) Importer(815301076,1909f56bfc062723c751e8b465ee728b)  -> (artifact id: 'a5bc002d8b0b66712377730f5768ce6b') in 0.013827 seconds 
  Import took 0.022262 seconds .

========================================================================
Received Prepare
Registering precompiled user dll's ...
Registered in 0.004196 seconds.
Begin MonoManager ReloadAssembly
Native extension for WindowsStandalone target not found
Native extension for WebGL target not found
Refreshing native plugins compatible for Editor in 1.05 ms, found 3 plugins.
Preloading 0 native plugins for Editor in 0.00 ms.
Mono: successfully reloaded assembly
- Completed reload, in  1.167 seconds
Domain Reload Profiling:
	ReloadAssembly (1167ms)
		BeginReloadAssembly (138ms)
			ExecutionOrderSort (0ms)
			DisableScriptedObjects (8ms)
			BackupInstance (0ms)
			ReleaseScriptingObjects (0ms)
			CreateAndSetChildDomain (44ms)
		EndReloadAssembly (969ms)
			LoadAssemblies (99ms)
			RebuildTransferFunctionScriptingTraits (0ms)
			SetupTypeCache (370ms)
			ReleaseScriptCaches (1ms)
			RebuildScriptCaches (49ms)
			SetupLoadedEditorAssemblies (335ms)
				LogAssemblyErrors (0ms)
				InitializePlatformSupportModulesInManaged (6ms)
				SetLoadedEditorAssemblies (1ms)
				RefreshPlugins (1ms)
				BeforeProcessingInitializeOnLoad (90ms)
				ProcessInitializeOnLoadAttributes (225ms)
				ProcessInitializeOnLoadMethodAttributes (9ms)
				AfterProcessingInitializeOnLoad (2ms)
				EditorAssembliesLoaded (0ms)
			ExecutionOrderSort2 (0ms)
			AwakeInstancesAfterBackupRestoration (12ms)
Platform modules already initialized, skipping
Refreshing native plugins compatible for Editor in 0.75 ms, found 3 plugins.
Preloading 0 native plugins for Editor in 0.00 ms.
Unloading 2818 Unused Serialized files (Serialized files now loaded: 0)
System memory in use before: 113.8 MB.
System memory in use after: 114.0 MB.

Unloading 14 unused Assets to reduce memory usage. Loaded Objects now: 3293.
Total: 3.899800 ms (FindLiveObjects: 0.393700 ms CreateObjectMapping: 0.119600 ms MarkObjects: 3.339000 ms  DeleteObjects: 0.046400 ms)

AssetImportParameters requested are different than current active one (requested -> active):
  custom:framework-win-MediaFoundation: 216162199b28c13a410421893ffa2e32 -> 
  custom:video-decoder-ogg-theora: a1e56fd34408186e4bbccfd4996cb3dc -> 
  custom:container-muxer-webm: aa71ff27fc2769a1b78a27578f13a17b -> 
  custom:container-demuxer-webm: 4f35f7cbe854078d1ac9338744f61a02 -> 
  custom:container-demuxer-ogg: 62fdf1f143b41e24485cea50d1cbac27 -> 
  custom:video-encoder-webm-vp8: eb34c28f22e8b96e1ab97ce403110664 -> 
  custom:video-codec-MediaFoundation-h265: 746d11721c4dcdbdad8f713fa42b33f4 -> 
  custom:video-decoder-webm-vp8: 9c59270c3fd7afecdb556c50c9e8de78 -> 
  custom:audio-decoder-ogg-vorbis: bf7c407c2cedff20999df2af8eb42d56 -> 
  custom:audio-encoder-webm-vorbis: bf7c407c2cedff20999df2af8eb42d56 -> 
========================================================================
Received Import Request.
  Time since last request: 378.182980 seconds.
  path: Assets
  artifactKey: Guid(00000000000000001000000000000000) Importer(815301076,1909f56bfc062723c751e8b465ee728b)
Start importing Assets using Guid(00000000000000001000000000000000) Importer(815301076,1909f56bfc062723c751e8b465ee728b)  -> (artifact id: '42d402b061de3733987d63b9cc3b64de') in 0.012453 seconds 
  Import took 0.019171 seconds .

========================================================================
Received Import Request.
  Time since last request: 8.298207 seconds.
  path: Assets/_Scripts
  artifactKey: Guid(b47bb8d67a26b4441b0d845e92378a3c) Importer(815301076,1909f56bfc062723c751e8b465ee728b)
Start importing Assets/_Scripts using Guid(b47bb8d67a26b4441b0d845e92378a3c) Importer(815301076,1909f56bfc062723c751e8b465ee728b)  -> (artifact id: '018320ba45157515fc1b40a0681f21c8') in 0.008719 seconds 
  Import took 0.014771 seconds .

========================================================================
Received Import Request.
  Time since last request: 29.993804 seconds.
  path: Assets/_Scripts/CustomEventHandler.cs
  artifactKey: Guid(5fdd7b74cd3e1144fb50ef76067097b3) Importer(815301076,1909f56bfc062723c751e8b465ee728b)
Start importing Assets/_Scripts/CustomEventHandler.cs using Guid(5fdd7b74cd3e1144fb50ef76067097b3) Importer(815301076,1909f56bfc062723c751e8b465ee728b)  -> (artifact id: '49f65050b5318cfdc4753770d697cc77') in 0.018820 seconds 
  Import took 0.024140 seconds .

========================================================================
Received Prepare
Registering precompiled user dll's ...
Registered in 0.033160 seconds.
Begin MonoManager ReloadAssembly
Native extension for WindowsStandalone target not found
Native extension for WebGL target not found
Refreshing native plugins compatible for Editor in 0.59 ms, found 3 plugins.
Preloading 0 native plugins for Editor in 0.00 ms.
Mono: successfully reloaded assembly
- Completed reload, in  1.154 seconds
Domain Reload Profiling:
	ReloadAssembly (1155ms)
		BeginReloadAssembly (156ms)
			ExecutionOrderSort (0ms)
			DisableScriptedObjects (9ms)
			BackupInstance (0ms)
			ReleaseScriptingObjects (0ms)
			CreateAndSetChildDomain (45ms)
		EndReloadAssembly (934ms)
			LoadAssemblies (114ms)
			RebuildTransferFunctionScriptingTraits (0ms)
			SetupTypeCache (350ms)
			ReleaseScriptCaches (1ms)
			RebuildScriptCaches (47ms)
			SetupLoadedEditorAssemblies (324ms)
				LogAssemblyErrors (0ms)
				InitializePlatformSupportModulesInManaged (6ms)
				SetLoadedEditorAssemblies (0ms)
				RefreshPlugins (1ms)
				BeforeProcessingInitializeOnLoad (82ms)
				ProcessInitializeOnLoadAttributes (227ms)
				ProcessInitializeOnLoadMethodAttributes (5ms)
				AfterProcessingInitializeOnLoad (2ms)
				EditorAssembliesLoaded (0ms)
			ExecutionOrderSort2 (0ms)
			AwakeInstancesAfterBackupRestoration (11ms)
Platform modules already initialized, skipping
Refreshing native plugins compatible for Editor in 0.72 ms, found 3 plugins.
Preloading 0 native plugins for Editor in 0.00 ms.
Unloading 2819 Unused Serialized files (Serialized files now loaded: 0)
System memory in use before: 113.8 MB.
System memory in use after: 114.1 MB.

Unloading 14 unused Assets to reduce memory usage. Loaded Objects now: 3297.
Total: 4.491000 ms (FindLiveObjects: 0.293200 ms CreateObjectMapping: 0.135900 ms MarkObjects: 3.996200 ms  DeleteObjects: 0.064700 ms)

AssetImportParameters requested are different than current active one (requested -> active):
  custom:framework-win-MediaFoundation: 216162199b28c13a410421893ffa2e32 -> 
  custom:video-decoder-ogg-theora: a1e56fd34408186e4bbccfd4996cb3dc -> 
  custom:container-muxer-webm: aa71ff27fc2769a1b78a27578f13a17b -> 
  custom:container-demuxer-webm: 4f35f7cbe854078d1ac9338744f61a02 -> 
  custom:container-demuxer-ogg: 62fdf1f143b41e24485cea50d1cbac27 -> 
  custom:video-encoder-webm-vp8: eb34c28f22e8b96e1ab97ce403110664 -> 
  custom:video-codec-MediaFoundation-h265: 746d11721c4dcdbdad8f713fa42b33f4 -> 
  custom:video-decoder-webm-vp8: 9c59270c3fd7afecdb556c50c9e8de78 -> 
  custom:audio-decoder-ogg-vorbis: bf7c407c2cedff20999df2af8eb42d56 -> 
  custom:audio-encoder-webm-vorbis: bf7c407c2cedff20999df2af8eb42d56 -> 
========================================================================
Received Import Request.
  Time since last request: 244.319884 seconds.
  path: Assets/_Scripts/CustomEventHandler.cs
  artifactKey: Guid(5fdd7b74cd3e1144fb50ef76067097b3) Importer(815301076,1909f56bfc062723c751e8b465ee728b)
Start importing Assets/_Scripts/CustomEventHandler.cs using Guid(5fdd7b74cd3e1144fb50ef76067097b3) Importer(815301076,1909f56bfc062723c751e8b465ee728b)  -> (artifact id: '311fca6ecbac35dc61bec6e053808d05') in 0.009281 seconds 
  Import took 0.034370 seconds .

========================================================================
Received Prepare
Registering precompiled user dll's ...
Registered in 0.004020 seconds.
Begin MonoManager ReloadAssembly
Native extension for WindowsStandalone target not found
Native extension for WebGL target not found
Refreshing native plugins compatible for Editor in 0.60 ms, found 3 plugins.
Preloading 0 native plugins for Editor in 0.00 ms.
Mono: successfully reloaded assembly
- Completed reload, in  1.197 seconds
Domain Reload Profiling:
	ReloadAssembly (1197ms)
		BeginReloadAssembly (128ms)
			ExecutionOrderSort (0ms)
			DisableScriptedObjects (9ms)
			BackupInstance (0ms)
			ReleaseScriptingObjects (0ms)
			CreateAndSetChildDomain (41ms)
		EndReloadAssembly (1006ms)
			LoadAssemblies (103ms)
			RebuildTransferFunctionScriptingTraits (0ms)
			SetupTypeCache (381ms)
			ReleaseScriptCaches (1ms)
			RebuildScriptCaches (56ms)
			SetupLoadedEditorAssemblies (341ms)
				LogAssemblyErrors (0ms)
				InitializePlatformSupportModulesInManaged (6ms)
				SetLoadedEditorAssemblies (0ms)
				RefreshPlugins (1ms)
				BeforeProcessingInitializeOnLoad (91ms)
				ProcessInitializeOnLoadAttributes (235ms)
				ProcessInitializeOnLoadMethodAttributes (5ms)
				AfterProcessingInitializeOnLoad (2ms)
				EditorAssembliesLoaded (0ms)
			ExecutionOrderSort2 (0ms)
			AwakeInstancesAfterBackupRestoration (12ms)
Platform modules already initialized, skipping
Refreshing native plugins compatible for Editor in 0.70 ms, found 3 plugins.
Preloading 0 native plugins for Editor in 0.00 ms.
Unloading 2819 Unused Serialized files (Serialized files now loaded: 0)
System memory in use before: 113.8 MB.
System memory in use after: 114.1 MB.

Unloading 14 unused Assets to reduce memory usage. Loaded Objects now: 3300.
Total: 4.269200 ms (FindLiveObjects: 0.327700 ms CreateObjectMapping: 0.153900 ms MarkObjects: 3.762500 ms  DeleteObjects: 0.024200 ms)

AssetImportParameters requested are different than current active one (requested -> active):
  custom:framework-win-MediaFoundation: 216162199b28c13a410421893ffa2e32 -> 
  custom:video-decoder-ogg-theora: a1e56fd34408186e4bbccfd4996cb3dc -> 
  custom:container-muxer-webm: aa71ff27fc2769a1b78a27578f13a17b -> 
  custom:container-demuxer-webm: 4f35f7cbe854078d1ac9338744f61a02 -> 
  custom:container-demuxer-ogg: 62fdf1f143b41e24485cea50d1cbac27 -> 
  custom:video-encoder-webm-vp8: eb34c28f22e8b96e1ab97ce403110664 -> 
  custom:video-codec-MediaFoundation-h265: 746d11721c4dcdbdad8f713fa42b33f4 -> 
  custom:video-decoder-webm-vp8: 9c59270c3fd7afecdb556c50c9e8de78 -> 
  custom:audio-decoder-ogg-vorbis: bf7c407c2cedff20999df2af8eb42d56 -> 
  custom:audio-encoder-webm-vorbis: bf7c407c2cedff20999df2af8eb42d56 -> 
========================================================================
Received Prepare
Registering precompiled user dll's ...
Registered in 0.010570 seconds.
Begin MonoManager ReloadAssembly
Native extension for WindowsStandalone target not found
Native extension for WebGL target not found
Refreshing native plugins compatible for Editor in 0.66 ms, found 3 plugins.
Preloading 0 native plugins for Editor in 0.00 ms.
Mono: successfully reloaded assembly
- Completed reload, in  1.426 seconds
Domain Reload Profiling:
	ReloadAssembly (1427ms)
		BeginReloadAssembly (148ms)
			ExecutionOrderSort (0ms)
			DisableScriptedObjects (10ms)
			BackupInstance (0ms)
			ReleaseScriptingObjects (0ms)
			CreateAndSetChildDomain (46ms)
		EndReloadAssembly (1198ms)
			LoadAssemblies (181ms)
			RebuildTransferFunctionScriptingTraits (0ms)
			SetupTypeCache (414ms)
			ReleaseScriptCaches (1ms)
			RebuildScriptCaches (57ms)
			SetupLoadedEditorAssemblies (400ms)
				LogAssemblyErrors (0ms)
				InitializePlatformSupportModulesInManaged (7ms)
				SetLoadedEditorAssemblies (0ms)
				RefreshPlugins (1ms)
				BeforeProcessingInitializeOnLoad (104ms)
				ProcessInitializeOnLoadAttributes (278ms)
				ProcessInitializeOnLoadMethodAttributes (7ms)
				AfterProcessingInitializeOnLoad (3ms)
				EditorAssembliesLoaded (0ms)
			ExecutionOrderSort2 (0ms)
			AwakeInstancesAfterBackupRestoration (17ms)
Platform modules already initialized, skipping
Refreshing native plugins compatible for Editor in 0.94 ms, found 3 plugins.
Preloading 0 native plugins for Editor in 0.00 ms.
Unloading 2819 Unused Serialized files (Serialized files now loaded: 0)
System memory in use before: 113.8 MB.
System memory in use after: 114.1 MB.

Unloading 14 unused Assets to reduce memory usage. Loaded Objects now: 3303.
Total: 4.179200 ms (FindLiveObjects: 0.334700 ms CreateObjectMapping: 0.209800 ms MarkObjects: 3.598800 ms  DeleteObjects: 0.034600 ms)

AssetImportParameters requested are different than current active one (requested -> active):
  custom:framework-win-MediaFoundation: 216162199b28c13a410421893ffa2e32 -> 
  custom:video-decoder-ogg-theora: a1e56fd34408186e4bbccfd4996cb3dc -> 
  custom:container-muxer-webm: aa71ff27fc2769a1b78a27578f13a17b -> 
  custom:container-demuxer-webm: 4f35f7cbe854078d1ac9338744f61a02 -> 
  custom:container-demuxer-ogg: 62fdf1f143b41e24485cea50d1cbac27 -> 
  custom:video-encoder-webm-vp8: eb34c28f22e8b96e1ab97ce403110664 -> 
  custom:video-codec-MediaFoundation-h265: 746d11721c4dcdbdad8f713fa42b33f4 -> 
  custom:video-decoder-webm-vp8: 9c59270c3fd7afecdb556c50c9e8de78 -> 
  custom:audio-decoder-ogg-vorbis: bf7c407c2cedff20999df2af8eb42d56 -> 
  custom:audio-encoder-webm-vorbis: bf7c407c2cedff20999df2af8eb42d56 -> 
========================================================================
Received Import Request.
  Time since last request: 513.367520 seconds.
  path: Assets/_Scripts/Player.cs
  artifactKey: Guid(f0c45306629ec114e91ba8d0b0e57685) Importer(815301076,1909f56bfc062723c751e8b465ee728b)
Start importing Assets/_Scripts/Player.cs using Guid(f0c45306629ec114e91ba8d0b0e57685) Importer(815301076,1909f56bfc062723c751e8b465ee728b)  -> (artifact id: 'a6a3d30ab03747941a30f0c652671890') in 0.013078 seconds 
  Import took 0.034954 seconds .

========================================================================
Received Prepare
Registering precompiled user dll's ...
Registered in 0.004865 seconds.
Begin MonoManager ReloadAssembly
Native extension for WindowsStandalone target not found
Native extension for WebGL target not found
Refreshing native plugins compatible for Editor in 0.61 ms, found 3 plugins.
Preloading 0 native plugins for Editor in 0.00 ms.
Mono: successfully reloaded assembly
- Completed reload, in  1.517 seconds
Domain Reload Profiling:
	ReloadAssembly (1517ms)
		BeginReloadAssembly (162ms)
			ExecutionOrderSort (0ms)
			DisableScriptedObjects (8ms)
			BackupInstance (0ms)
			ReleaseScriptingObjects (0ms)
			CreateAndSetChildDomain (47ms)
		EndReloadAssembly (1290ms)
			LoadAssemblies (114ms)
			RebuildTransferFunctionScriptingTraits (0ms)
			SetupTypeCache (442ms)
			ReleaseScriptCaches (1ms)
			RebuildScriptCaches (65ms)
			SetupLoadedEditorAssemblies (512ms)
				LogAssemblyErrors (0ms)
				InitializePlatformSupportModulesInManaged (8ms)
				SetLoadedEditorAssemblies (0ms)
				RefreshPlugins (1ms)
				BeforeProcessingInitializeOnLoad (137ms)
				ProcessInitializeOnLoadAttributes (353ms)
				ProcessInitializeOnLoadMethodAttributes (8ms)
				AfterProcessingInitializeOnLoad (4ms)
				EditorAssembliesLoaded (0ms)
			ExecutionOrderSort2 (0ms)
			AwakeInstancesAfterBackupRestoration (21ms)
Platform modules already initialized, skipping
Refreshing native plugins compatible for Editor in 0.95 ms, found 3 plugins.
Preloading 0 native plugins for Editor in 0.00 ms.
Unloading 2820 Unused Serialized files (Serialized files now loaded: 0)
System memory in use before: 113.9 MB.
System memory in use after: 114.1 MB.

Unloading 14 unused Assets to reduce memory usage. Loaded Objects now: 3307.
Total: 3.915900 ms (FindLiveObjects: 0.396200 ms CreateObjectMapping: 0.189000 ms MarkObjects: 3.306000 ms  DeleteObjects: 0.023000 ms)

AssetImportParameters requested are different than current active one (requested -> active):
  custom:framework-win-MediaFoundation: 216162199b28c13a410421893ffa2e32 -> 
  custom:video-decoder-ogg-theora: a1e56fd34408186e4bbccfd4996cb3dc -> 
  custom:container-muxer-webm: aa71ff27fc2769a1b78a27578f13a17b -> 
  custom:container-demuxer-webm: 4f35f7cbe854078d1ac9338744f61a02 -> 
  custom:container-demuxer-ogg: 62fdf1f143b41e24485cea50d1cbac27 -> 
  custom:video-encoder-webm-vp8: eb34c28f22e8b96e1ab97ce403110664 -> 
  custom:video-codec-MediaFoundation-h265: 746d11721c4dcdbdad8f713fa42b33f4 -> 
  custom:video-decoder-webm-vp8: 9c59270c3fd7afecdb556c50c9e8de78 -> 
  custom:audio-decoder-ogg-vorbis: bf7c407c2cedff20999df2af8eb42d56 -> 
  custom:audio-encoder-webm-vorbis: bf7c407c2cedff20999df2af8eb42d56 -> 
========================================================================
Received Import Request.
  Time since last request: 78.545604 seconds.
  path: Assets/_Scripts/Player.cs
  artifactKey: Guid(f0c45306629ec114e91ba8d0b0e57685) Importer(815301076,1909f56bfc062723c751e8b465ee728b)
Start importing Assets/_Scripts/Player.cs using Guid(f0c45306629ec114e91ba8d0b0e57685) Importer(815301076,1909f56bfc062723c751e8b465ee728b)  -> (artifact id: 'd59d8fc5255374971ad0867dcb41d827') in 0.007571 seconds 
  Import took 0.037237 seconds .

========================================================================
Received Prepare
Registering precompiled user dll's ...
Registered in 0.004050 seconds.
Begin MonoManager ReloadAssembly
Native extension for WindowsStandalone target not found
Native extension for WebGL target not found
Refreshing native plugins compatible for Editor in 0.67 ms, found 3 plugins.
Preloading 0 native plugins for Editor in 0.00 ms.
Mono: successfully reloaded assembly
- Completed reload, in  1.380 seconds
Domain Reload Profiling:
	ReloadAssembly (1381ms)
		BeginReloadAssembly (126ms)
			ExecutionOrderSort (0ms)
			DisableScriptedObjects (8ms)
			BackupInstance (0ms)
			ReleaseScriptingObjects (0ms)
			CreateAndSetChildDomain (43ms)
		EndReloadAssembly (1185ms)
			LoadAssemblies (133ms)
			RebuildTransferFunctionScriptingTraits (0ms)
			SetupTypeCache (458ms)
			ReleaseScriptCaches (1ms)
			RebuildScriptCaches (59ms)
			SetupLoadedEditorAssemblies (387ms)
				LogAssemblyErrors (0ms)
				InitializePlatformSupportModulesInManaged (7ms)
				SetLoadedEditorAssemblies (1ms)
				RefreshPlugins (1ms)
				BeforeProcessingInitializeOnLoad (104ms)
				ProcessInitializeOnLoadAttributes (264ms)
				ProcessInitializeOnLoadMethodAttributes (7ms)
				AfterProcessingInitializeOnLoad (3ms)
				EditorAssembliesLoaded (0ms)
			ExecutionOrderSort2 (0ms)
			AwakeInstancesAfterBackupRestoration (14ms)
Platform modules already initialized, skipping
Refreshing native plugins compatible for Editor in 0.61 ms, found 3 plugins.
Preloading 0 native plugins for Editor in 0.00 ms.
Unloading 2820 Unused Serialized files (Serialized files now loaded: 0)
System memory in use before: 113.9 MB.
System memory in use after: 114.1 MB.

Unloading 14 unused Assets to reduce memory usage. Loaded Objects now: 3310.
Total: 6.036300 ms (FindLiveObjects: 0.370300 ms CreateObjectMapping: 0.212400 ms MarkObjects: 5.421200 ms  DeleteObjects: 0.031300 ms)

AssetImportParameters requested are different than current active one (requested -> active):
  custom:framework-win-MediaFoundation: 216162199b28c13a410421893ffa2e32 -> 
  custom:video-decoder-ogg-theora: a1e56fd34408186e4bbccfd4996cb3dc -> 
  custom:container-muxer-webm: aa71ff27fc2769a1b78a27578f13a17b -> 
  custom:container-demuxer-webm: 4f35f7cbe854078d1ac9338744f61a02 -> 
  custom:container-demuxer-ogg: 62fdf1f143b41e24485cea50d1cbac27 -> 
  custom:video-encoder-webm-vp8: eb34c28f22e8b96e1ab97ce403110664 -> 
  custom:video-codec-MediaFoundation-h265: 746d11721c4dcdbdad8f713fa42b33f4 -> 
  custom:video-decoder-webm-vp8: 9c59270c3fd7afecdb556c50c9e8de78 -> 
  custom:audio-decoder-ogg-vorbis: bf7c407c2cedff20999df2af8eb42d56 -> 
  custom:audio-encoder-webm-vorbis: bf7c407c2cedff20999df2af8eb42d56 -> 
========================================================================
Received Import Request.
  Time since last request: 109.913625 seconds.
  path: Assets/_Scripts/CustomEventHandler.cs
  artifactKey: Guid(5fdd7b74cd3e1144fb50ef76067097b3) Importer(815301076,1909f56bfc062723c751e8b465ee728b)
Start importing Assets/_Scripts/CustomEventHandler.cs using Guid(5fdd7b74cd3e1144fb50ef76067097b3) Importer(815301076,1909f56bfc062723c751e8b465ee728b)  -> (artifact id: '82105c20eab1003d79ad06725c04f200') in 0.010072 seconds 
  Import took 0.039625 seconds .

========================================================================
Received Import Request.
  Time since last request: 216.451955 seconds.
  path: Assets/_Scenes
  artifactKey: Guid(4d4dfac2993fc6c4b802df2e3ecb003d) Importer(815301076,1909f56bfc062723c751e8b465ee728b)
Start importing Assets/_Scenes using Guid(4d4dfac2993fc6c4b802df2e3ecb003d) Importer(815301076,1909f56bfc062723c751e8b465ee728b)  -> (artifact id: '08025699240ba5acb1298232cd9d11b1') in 0.015547 seconds 
  Import took 0.037084 seconds .

========================================================================
Received Import Request.
  Time since last request: 9.263026 seconds.
  path: Assets/_Scenes/Overworld
  artifactKey: Guid(295818e3b1a0e63469cf004385e13702) Importer(815301076,1909f56bfc062723c751e8b465ee728b)
Start importing Assets/_Scenes/Overworld using Guid(295818e3b1a0e63469cf004385e13702) Importer(815301076,1909f56bfc062723c751e8b465ee728b)  -> (artifact id: '52ab53f21ea4be71c68eb98425719eb8') in 0.007425 seconds 
  Import took 0.013876 seconds .

========================================================================
Received Import Request.
  Time since last request: 15.150558 seconds.
  path: Assets/_Scenes/Overworld/OverworldTest.unity
  artifactKey: Guid(772bdefa37c34344bb7ee299dc05aac9) Importer(815301076,1909f56bfc062723c751e8b465ee728b)
Start importing Assets/_Scenes/Overworld/OverworldTest.unity using Guid(772bdefa37c34344bb7ee299dc05aac9) Importer(815301076,1909f56bfc062723c751e8b465ee728b)  -> (artifact id: '2846e5f8c94c0d9418daf499cbf23edc') in 0.017432 seconds 
  Import took 0.029479 seconds .

========================================================================
Received Prepare
Registering precompiled user dll's ...
Registered in 0.033456 seconds.
Begin MonoManager ReloadAssembly
Native extension for WindowsStandalone target not found
Native extension for WebGL target not found
Refreshing native plugins compatible for Editor in 1.00 ms, found 3 plugins.
Preloading 0 native plugins for Editor in 0.00 ms.
Mono: successfully reloaded assembly
- Completed reload, in  1.167 seconds
Domain Reload Profiling:
	ReloadAssembly (1168ms)
		BeginReloadAssembly (131ms)
			ExecutionOrderSort (0ms)
			DisableScriptedObjects (8ms)
			BackupInstance (0ms)
			ReleaseScriptingObjects (0ms)
			CreateAndSetChildDomain (50ms)
		EndReloadAssembly (975ms)
			LoadAssemblies (99ms)
			RebuildTransferFunctionScriptingTraits (0ms)
			SetupTypeCache (370ms)
			ReleaseScriptCaches (2ms)
			RebuildScriptCaches (58ms)
			SetupLoadedEditorAssemblies (328ms)
				LogAssemblyErrors (0ms)
				InitializePlatformSupportModulesInManaged (6ms)
				SetLoadedEditorAssemblies (0ms)
				RefreshPlugins (1ms)
				BeforeProcessingInitializeOnLoad (83ms)
				ProcessInitializeOnLoadAttributes (230ms)
				ProcessInitializeOnLoadMethodAttributes (6ms)
				AfterProcessingInitializeOnLoad (3ms)
				EditorAssembliesLoaded (0ms)
			ExecutionOrderSort2 (0ms)
			AwakeInstancesAfterBackupRestoration (13ms)
Platform modules already initialized, skipping
Refreshing native plugins compatible for Editor in 0.71 ms, found 3 plugins.
Preloading 0 native plugins for Editor in 0.00 ms.
Unloading 2820 Unused Serialized files (Serialized files now loaded: 0)
System memory in use before: 113.9 MB.
System memory in use after: 114.1 MB.

Unloading 14 unused Assets to reduce memory usage. Loaded Objects now: 3313.
Total: 6.115400 ms (FindLiveObjects: 0.372500 ms CreateObjectMapping: 0.139100 ms MarkObjects: 5.563400 ms  DeleteObjects: 0.039100 ms)

AssetImportParameters requested are different than current active one (requested -> active):
  custom:framework-win-MediaFoundation: 216162199b28c13a410421893ffa2e32 -> 
  custom:video-decoder-ogg-theora: a1e56fd34408186e4bbccfd4996cb3dc -> 
  custom:container-muxer-webm: aa71ff27fc2769a1b78a27578f13a17b -> 
  custom:container-demuxer-webm: 4f35f7cbe854078d1ac9338744f61a02 -> 
  custom:container-demuxer-ogg: 62fdf1f143b41e24485cea50d1cbac27 -> 
  custom:video-encoder-webm-vp8: eb34c28f22e8b96e1ab97ce403110664 -> 
  custom:video-codec-MediaFoundation-h265: 746d11721c4dcdbdad8f713fa42b33f4 -> 
  custom:video-decoder-webm-vp8: 9c59270c3fd7afecdb556c50c9e8de78 -> 
  custom:audio-decoder-ogg-vorbis: bf7c407c2cedff20999df2af8eb42d56 -> 
  custom:audio-encoder-webm-vorbis: bf7c407c2cedff20999df2af8eb42d56 -> 
========================================================================
Received Prepare
Registering precompiled user dll's ...
Registered in 0.003334 seconds.
Begin MonoManager ReloadAssembly
Native extension for WindowsStandalone target not found
Native extension for WebGL target not found
Refreshing native plugins compatible for Editor in 0.65 ms, found 3 plugins.
Preloading 0 native plugins for Editor in 0.00 ms.
Mono: successfully reloaded assembly
- Completed reload, in  1.139 seconds
Domain Reload Profiling:
	ReloadAssembly (1140ms)
		BeginReloadAssembly (125ms)
			ExecutionOrderSort (0ms)
			DisableScriptedObjects (6ms)
			BackupInstance (0ms)
			ReleaseScriptingObjects (0ms)
			CreateAndSetChildDomain (39ms)
		EndReloadAssembly (938ms)
			LoadAssemblies (106ms)
			RebuildTransferFunctionScriptingTraits (0ms)
			SetupTypeCache (350ms)
			ReleaseScriptCaches (1ms)
			RebuildScriptCaches (48ms)
			SetupLoadedEditorAssemblies (326ms)
				LogAssemblyErrors (0ms)
				InitializePlatformSupportModulesInManaged (6ms)
				SetLoadedEditorAssemblies (0ms)
				RefreshPlugins (1ms)
				BeforeProcessingInitializeOnLoad (87ms)
				ProcessInitializeOnLoadAttributes (224ms)
				ProcessInitializeOnLoadMethodAttributes (6ms)
				AfterProcessingInitializeOnLoad (2ms)
				EditorAssembliesLoaded (0ms)
			ExecutionOrderSort2 (0ms)
			AwakeInstancesAfterBackupRestoration (11ms)
Platform modules already initialized, skipping
Refreshing native plugins compatible for Editor in 0.58 ms, found 3 plugins.
Preloading 0 native plugins for Editor in 0.00 ms.
Unloading 2820 Unused Serialized files (Serialized files now loaded: 0)
System memory in use before: 113.9 MB.
System memory in use after: 114.1 MB.

Unloading 14 unused Assets to reduce memory usage. Loaded Objects now: 3316.
Total: 4.002400 ms (FindLiveObjects: 0.559500 ms CreateObjectMapping: 0.258800 ms MarkObjects: 3.145200 ms  DeleteObjects: 0.037800 ms)

AssetImportParameters requested are different than current active one (requested -> active):
  custom:framework-win-MediaFoundation: 216162199b28c13a410421893ffa2e32 -> 
  custom:video-decoder-ogg-theora: a1e56fd34408186e4bbccfd4996cb3dc -> 
  custom:container-muxer-webm: aa71ff27fc2769a1b78a27578f13a17b -> 
  custom:container-demuxer-webm: 4f35f7cbe854078d1ac9338744f61a02 -> 
  custom:container-demuxer-ogg: 62fdf1f143b41e24485cea50d1cbac27 -> 
  custom:video-encoder-webm-vp8: eb34c28f22e8b96e1ab97ce403110664 -> 
  custom:video-codec-MediaFoundation-h265: 746d11721c4dcdbdad8f713fa42b33f4 -> 
  custom:video-decoder-webm-vp8: 9c59270c3fd7afecdb556c50c9e8de78 -> 
  custom:audio-decoder-ogg-vorbis: bf7c407c2cedff20999df2af8eb42d56 -> 
  custom:audio-encoder-webm-vorbis: bf7c407c2cedff20999df2af8eb42d56 -> 
========================================================================
Received Import Request.
  Time since last request: 820.173160 seconds.
  path: Assets/Fungus/Scripts/Components
  artifactKey: Guid(cd598e3b678e74763876d546c8b0fd9f) Importer(815301076,1909f56bfc062723c751e8b465ee728b)
Start importing Assets/Fungus/Scripts/Components using Guid(cd598e3b678e74763876d546c8b0fd9f) Importer(815301076,1909f56bfc062723c751e8b465ee728b)  -> (artifact id: '2b5feb3ebffcca07a5db8661a69f3e3a') in 0.012371 seconds 
  Import took 0.131504 seconds .

========================================================================
Received Import Request.
  Time since last request: 10.957970 seconds.
  path: Assets/Fungus/Scripts/Components/Character.cs
  artifactKey: Guid(25fb867d2049d41f597aefdd6b19f598) Importer(815301076,1909f56bfc062723c751e8b465ee728b)
Start importing Assets/Fungus/Scripts/Components/Character.cs using Guid(25fb867d2049d41f597aefdd6b19f598) Importer(815301076,1909f56bfc062723c751e8b465ee728b)  -> (artifact id: 'bdc1ff06e6b5e9607ac0f591286324cf') in 0.008384 seconds 
  Import took 0.014472 seconds .

========================================================================
Received Prepare
Registering precompiled user dll's ...
Registered in 0.004072 seconds.
Begin MonoManager ReloadAssembly
Native extension for WindowsStandalone target not found
Native extension for WebGL target not found
Refreshing native plugins compatible for Editor in 0.57 ms, found 3 plugins.
Preloading 0 native plugins for Editor in 0.00 ms.
Mono: successfully reloaded assembly
- Completed reload, in  1.233 seconds
Domain Reload Profiling:
	ReloadAssembly (1233ms)
		BeginReloadAssembly (132ms)
			ExecutionOrderSort (0ms)
			DisableScriptedObjects (7ms)
			BackupInstance (0ms)
			ReleaseScriptingObjects (0ms)
			CreateAndSetChildDomain (40ms)
		EndReloadAssembly (991ms)
			LoadAssemblies (119ms)
			RebuildTransferFunctionScriptingTraits (0ms)
			SetupTypeCache (385ms)
			ReleaseScriptCaches (1ms)
			RebuildScriptCaches (48ms)
			SetupLoadedEditorAssemblies (324ms)
				LogAssemblyErrors (0ms)
				InitializePlatformSupportModulesInManaged (6ms)
				SetLoadedEditorAssemblies (0ms)
				RefreshPlugins (1ms)
				BeforeProcessingInitializeOnLoad (86ms)
				ProcessInitializeOnLoadAttributes (223ms)
				ProcessInitializeOnLoadMethodAttributes (5ms)
				AfterProcessingInitializeOnLoad (3ms)
				EditorAssembliesLoaded (0ms)
			ExecutionOrderSort2 (0ms)
			AwakeInstancesAfterBackupRestoration (11ms)
Platform modules already initialized, skipping
Refreshing native plugins compatible for Editor in 0.60 ms, found 3 plugins.
Preloading 0 native plugins for Editor in 0.00 ms.
Unloading 2820 Unused Serialized files (Serialized files now loaded: 0)
System memory in use before: 113.9 MB.
System memory in use after: 114.1 MB.

Unloading 14 unused Assets to reduce memory usage. Loaded Objects now: 3319.
Total: 3.632400 ms (FindLiveObjects: 0.277600 ms CreateObjectMapping: 0.133300 ms MarkObjects: 3.172800 ms  DeleteObjects: 0.047700 ms)

AssetImportParameters requested are different than current active one (requested -> active):
  custom:framework-win-MediaFoundation: 216162199b28c13a410421893ffa2e32 -> 
  custom:video-decoder-ogg-theora: a1e56fd34408186e4bbccfd4996cb3dc -> 
  custom:container-muxer-webm: aa71ff27fc2769a1b78a27578f13a17b -> 
  custom:container-demuxer-webm: 4f35f7cbe854078d1ac9338744f61a02 -> 
  custom:container-demuxer-ogg: 62fdf1f143b41e24485cea50d1cbac27 -> 
  custom:video-encoder-webm-vp8: eb34c28f22e8b96e1ab97ce403110664 -> 
  custom:video-codec-MediaFoundation-h265: 746d11721c4dcdbdad8f713fa42b33f4 -> 
  custom:video-decoder-webm-vp8: 9c59270c3fd7afecdb556c50c9e8de78 -> 
  custom:audio-decoder-ogg-vorbis: bf7c407c2cedff20999df2af8eb42d56 -> 
  custom:audio-encoder-webm-vorbis: bf7c407c2cedff20999df2af8eb42d56 -> 
========================================================================
Received Import Request.
  Time since last request: 75.519835 seconds.
  path: Assets/Fungus/Scripts/Commands
  artifactKey: Guid(d957a50af081d49998801a81811881fe) Importer(815301076,1909f56bfc062723c751e8b465ee728b)
Start importing Assets/Fungus/Scripts/Commands using Guid(d957a50af081d49998801a81811881fe) Importer(815301076,1909f56bfc062723c751e8b465ee728b)  -> (artifact id: '4c43f7640e31c1ad742df9ed9bc9f60b') in 0.115266 seconds 
  Import took 0.137013 seconds .

========================================================================
Received Import Request.
  Time since last request: 1.787498 seconds.
  path: Assets/Fungus/Scripts/Commands/Input
  artifactKey: Guid(90098f8abed37d1418f36896e7e1279d) Importer(815301076,1909f56bfc062723c751e8b465ee728b)
Start importing Assets/Fungus/Scripts/Commands/Input using Guid(90098f8abed37d1418f36896e7e1279d) Importer(815301076,1909f56bfc062723c751e8b465ee728b)  -> (artifact id: '84b11255f35b54201243df9a917c1afc') in 0.010085 seconds 
  Import took 0.028672 seconds .

========================================================================
Received Import Request.
  Time since last request: 3.149498 seconds.
  path: Assets/Fungus/Scripts/Commands/Input/GetKey.cs
  artifactKey: Guid(abf9e2e4334293449850759c812dd9db) Importer(815301076,1909f56bfc062723c751e8b465ee728b)
Start importing Assets/Fungus/Scripts/Commands/Input/GetKey.cs using Guid(abf9e2e4334293449850759c812dd9db) Importer(815301076,1909f56bfc062723c751e8b465ee728b)  -> (artifact id: 'e791598502ba2a17fa5d795a9ca58225') in 0.008221 seconds 
  Import took 0.021272 seconds .

========================================================================
Received Import Request.
  Time since last request: 697.160624 seconds.
  path: Assets/_Scripts/Player.cs
  artifactKey: Guid(f0c45306629ec114e91ba8d0b0e57685) Importer(815301076,1909f56bfc062723c751e8b465ee728b)
Start importing Assets/_Scripts/Player.cs using Guid(f0c45306629ec114e91ba8d0b0e57685) Importer(815301076,1909f56bfc062723c751e8b465ee728b)  -> (artifact id: '77ccf2863c56fd9f45cacc4b9cf0c7a9') in 0.003194 seconds 
  Import took 0.033331 seconds .

========================================================================
Received Import Request.
  Time since last request: 20.529572 seconds.
  path: Assets/_Scripts/Player.cs
  artifactKey: Guid(f0c45306629ec114e91ba8d0b0e57685) Importer(815301076,1909f56bfc062723c751e8b465ee728b)
Start importing Assets/_Scripts/Player.cs using Guid(f0c45306629ec114e91ba8d0b0e57685) Importer(815301076,1909f56bfc062723c751e8b465ee728b)  -> (artifact id: '4a2cb024cf7e3bc6a790f024f54176e9') in 0.002209 seconds 
  Import took 0.007767 seconds .

========================================================================
Received Prepare
Registering precompiled user dll's ...
Registered in 0.098559 seconds.
Begin MonoManager ReloadAssembly
Native extension for WindowsStandalone target not found
Native extension for WebGL target not found
Refreshing native plugins compatible for Editor in 0.56 ms, found 3 plugins.
Preloading 0 native plugins for Editor in 0.00 ms.
Mono: successfully reloaded assembly
- Completed reload, in  1.077 seconds
Domain Reload Profiling:
	ReloadAssembly (1078ms)
		BeginReloadAssembly (112ms)
			ExecutionOrderSort (0ms)
			DisableScriptedObjects (7ms)
			BackupInstance (0ms)
			ReleaseScriptingObjects (0ms)
			CreateAndSetChildDomain (37ms)
		EndReloadAssembly (906ms)
			LoadAssemblies (95ms)
			RebuildTransferFunctionScriptingTraits (0ms)
			SetupTypeCache (337ms)
			ReleaseScriptCaches (1ms)
			RebuildScriptCaches (48ms)
			SetupLoadedEditorAssemblies (313ms)
				LogAssemblyErrors (0ms)
				InitializePlatformSupportModulesInManaged (6ms)
				SetLoadedEditorAssemblies (1ms)
				RefreshPlugins (1ms)
				BeforeProcessingInitializeOnLoad (82ms)
				ProcessInitializeOnLoadAttributes (216ms)
				ProcessInitializeOnLoadMethodAttributes (6ms)
				AfterProcessingInitializeOnLoad (2ms)
				EditorAssembliesLoaded (0ms)
			ExecutionOrderSort2 (0ms)
			AwakeInstancesAfterBackupRestoration (11ms)
Platform modules already initialized, skipping
Refreshing native plugins compatible for Editor in 0.62 ms, found 3 plugins.
Preloading 0 native plugins for Editor in 0.00 ms.
Unloading 2820 Unused Serialized files (Serialized files now loaded: 0)
System memory in use before: 113.9 MB.
System memory in use after: 114.2 MB.

Unloading 14 unused Assets to reduce memory usage. Loaded Objects now: 3322.
Total: 3.851900 ms (FindLiveObjects: 0.290200 ms CreateObjectMapping: 0.126000 ms MarkObjects: 3.397000 ms  DeleteObjects: 0.037800 ms)

AssetImportParameters requested are different than current active one (requested -> active):
  custom:framework-win-MediaFoundation: 216162199b28c13a410421893ffa2e32 -> 
  custom:video-decoder-ogg-theora: a1e56fd34408186e4bbccfd4996cb3dc -> 
  custom:container-muxer-webm: aa71ff27fc2769a1b78a27578f13a17b -> 
  custom:container-demuxer-webm: 4f35f7cbe854078d1ac9338744f61a02 -> 
  custom:container-demuxer-ogg: 62fdf1f143b41e24485cea50d1cbac27 -> 
  custom:video-encoder-webm-vp8: eb34c28f22e8b96e1ab97ce403110664 -> 
  custom:video-codec-MediaFoundation-h265: 746d11721c4dcdbdad8f713fa42b33f4 -> 
  custom:video-decoder-webm-vp8: 9c59270c3fd7afecdb556c50c9e8de78 -> 
  custom:audio-decoder-ogg-vorbis: bf7c407c2cedff20999df2af8eb42d56 -> 
  custom:audio-encoder-webm-vorbis: bf7c407c2cedff20999df2af8eb42d56 -> 
AssetImportWorkerClient::OnTransportError - code=2 error=End of file
